[0.047s] Invoking command in '/home/xiatenghui/saber_joint_controller/build/saber_control': CMAKE_PREFIX_PATH=${CMAKE_PREFIX_PATH}:/opt/ros/jazzy /usr/bin/cmake /home/xiatenghui/saber_joint_controller/src/saber_control -DCMAKE_INSTALL_PREFIX=/home/xiatenghui/saber_joint_controller/install/saber_control
[0.123s] -- Found ament_cmake: 2.5.4 (/opt/ros/jazzy/share/ament_cmake/cmake)
[1.071s] -- Found rclcpp: 28.1.12 (/opt/ros/jazzy/share/rclcpp/cmake)
[1.198s] -- Found rosidl_generator_c: 4.6.6 (/opt/ros/jazzy/share/rosidl_generator_c/cmake)
[1.245s] -- Found rosidl_generator_cpp: 4.6.6 (/opt/ros/jazzy/share/rosidl_generator_cpp/cmake)
[1.296s] -- Using all available rosidl_typesupport_c: rosidl_typesupport_fastrtps_c;rosidl_typesupport_introspection_c
[1.353s] -- Using all available rosidl_typesupport_cpp: rosidl_typesupport_fastrtps_cpp;rosidl_typesupport_introspection_cpp
[1.574s] -- Found rmw_implementation_cmake: 7.3.2 (/opt/ros/jazzy/share/rmw_implementation_cmake/cmake)
[1.579s] -- Found rmw_fastrtps_cpp: 8.4.3 (/opt/ros/jazzy/share/rmw_fastrtps_cpp/cmake)
[1.808s] -- Using RMW implementation 'rmw_fastrtps_cpp' as default
[2.008s] -- Found control_msgs: 5.5.0 (/opt/ros/jazzy/share/control_msgs/cmake)
[2.474s] -- Found ament_lint_auto: 0.17.3 (/opt/ros/jazzy/share/ament_lint_auto/cmake)
[2.861s] -- Added test 'cppcheck' to perform static code analysis on C / C++ code
[2.863s] -- Configured cppcheck include dirs: /home/xiatenghui/saber_joint_controller/src/saber_control/include
[2.863s] -- Configured cppcheck exclude dirs and/or files: 
[2.865s] -- Added test 'lint_cmake' to check CMake code style
[2.871s] -- Added test 'uncrustify' to check C / C++ code style
[2.871s] -- Configured uncrustify additional arguments: 
[2.872s] -- Added test 'xmllint' to check XML markup files
[2.876s] -- Configuring done (2.8s)
[2.956s] -- Generating done (0.0s)
[2.979s] -- Build files have been written to: /home/xiatenghui/saber_joint_controller/build/saber_control
[3.005s] Invoked command in '/home/xiatenghui/saber_joint_controller/build/saber_control' returned '0': CMAKE_PREFIX_PATH=${CMAKE_PREFIX_PATH}:/opt/ros/jazzy /usr/bin/cmake /home/xiatenghui/saber_joint_controller/src/saber_control -DCMAKE_INSTALL_PREFIX=/home/xiatenghui/saber_joint_controller/install/saber_control
[3.011s] Invoking command in '/home/xiatenghui/saber_joint_controller/build/saber_control': CMAKE_PREFIX_PATH=${CMAKE_PREFIX_PATH}:/opt/ros/jazzy /usr/bin/cmake --build /home/xiatenghui/saber_joint_controller/build/saber_control -- -j8 -l8
[3.247s] [ 25%] [32mBuilding CXX object CMakeFiles/saber_joint_controller.dir/src/saber_joint_controller.cpp.o[0m
[3.249s] [ 50%] [32mBuilding CXX object CMakeFiles/saber_joint_controller.dir/src/saber_get_regression.cpp.o[0m
[3.251s] [ 75%] [32mBuilding CXX object CMakeFiles/saber_joint_controller.dir/src/disturbance_observer.cpp.o[0m
[3.306s] [01m[K/home/xiatenghui/saber_joint_controller/src/saber_control/src/saber_get_regression.cpp:1:10:[m[K [01;31m[Kfatal error: [m[Ksaber_get_regression.hpp: No such file or directory
[3.307s]     1 | #include [01;31m[K"saber_get_regression.hpp"[m[K
[3.307s]       |          [01;31m[K^~~~~~~~~~~~~~~~~~~~~~~~~~[m[K
[3.308s] compilation terminated.
[3.308s] [01m[K/home/xiatenghui/saber_joint_controller/src/saber_control/src/disturbance_observer.cpp:1:10:[m[K [01;31m[Kfatal error: [m[Kdisturbance_observer.hpp: No such file or directory
[3.309s]     1 | #include [01;31m[K"disturbance_observer.hpp"[m[K
[3.309s]       |          [01;31m[K^~~~~~~~~~~~~~~~~~~~~~~~~~[m[K
[3.310s] compilation terminated.
[3.310s] gmake[2]: *** [CMakeFiles/saber_joint_controller.dir/build.make:104: CMakeFiles/saber_joint_controller.dir/src/saber_get_regression.cpp.o] Error 1
[3.311s] gmake[2]: *** Waiting for unfinished jobs....
[3.311s] gmake[2]: *** [CMakeFiles/saber_joint_controller.dir/build.make:90: CMakeFiles/saber_joint_controller.dir/src/disturbance_observer.cpp.o] Error 1
[4.680s] In file included from [01m[K/usr/local/include/OpenXLSX/headers/XLCellValue.hpp:66[m[K,
[4.682s]                  from [01m[K/usr/local/include/OpenXLSX/headers/XLCell.hpp:62[m[K,
[4.682s]                  from [01m[K/usr/local/include/OpenXLSX/OpenXLSX.hpp:49[m[K,
[4.683s]                  from [01m[K/home/xiatenghui/saber_joint_controller/src/saber_control/src/saber_joint_controller.cpp:2[m[K:
[4.683s] [01m[K/usr/local/include/OpenXLSX/headers/XLXmlParser.hpp:52:10:[m[K [01;31m[Kfatal error: [m[Kexternal/pugixml/pugixml.hpp: No such file or directory
[4.684s]    52 | #include [01;31m[K<external/pugixml/pugixml.hpp>[m[K // not sure why the full include path is needed within the header file
[4.684s]       |          [01;31m[K^~~~~~~~~~~~~~~~~~~~~~~~~~~~~~[m[K
[4.685s] compilation terminated.
[4.690s] gmake[2]: *** [CMakeFiles/saber_joint_controller.dir/build.make:76: CMakeFiles/saber_joint_controller.dir/src/saber_joint_controller.cpp.o] Error 1
[4.691s] gmake[1]: *** [CMakeFiles/Makefile2:137: CMakeFiles/saber_joint_controller.dir/all] Error 2
[4.692s] gmake: *** [Makefile:146: all] Error 2
[4.701s] Invoked command in '/home/xiatenghui/saber_joint_controller/build/saber_control' returned '2': CMAKE_PREFIX_PATH=${CMAKE_PREFIX_PATH}:/opt/ros/jazzy /usr/bin/cmake --build /home/xiatenghui/saber_joint_controller/build/saber_control -- -j8 -l8
