[ 33%] Built target saber_dynamics_identification
[ 66%] Built target saber_joint_controller
[ 73%] [32mBuilding CXX object CMakeFiles/saber_gravity_compensation.dir/src/saber_gravity_compensation.cpp.o[0m
[01m[K/home/xiatenghui/saber_joint_controller/src/saber_control/src/saber_gravity_compensation.cpp:[m[K In member function â€˜[01m[Krclcpp_action::GoalResponse saber_joint_controller::[01;32m[Khandle_goal[m[K(const rclcpp_action::GoalUUID&, std::shared_ptr<const control_msgs::action::FollowJointTrajectory_Goal_<std::allocator<void> > >)[m[Kâ€™:
[01m[K/home/xiatenghui/saber_joint_controller/src/saber_control/src/saber_gravity_compensation.cpp:169:44:[m[K [01;35m[Kwarning: [m[Kunused parameter â€˜[01m[Kuuid[m[Kâ€™ [[01;35m[K]8;;https://gcc.gnu.org/onlinedocs/gcc/Warning-Options.html#index-Wunused-parameter-Wunused-parameter]8;;[m[K]
  169 |             [01;35m[Kconst rclcpp_action::GoalUUID& uuid[m[K,
      |             [01;35m[K~~~~~~~~~~~~~~~~~~~~~~~~~~~~~~~^~~~[m[K
[01m[K/home/xiatenghui/saber_joint_controller/src/saber_control/src/saber_gravity_compensation.cpp:[m[K In member function â€˜[01m[Krclcpp_action::CancelResponse saber_joint_controller::[01;32m[Khandle_cancel[m[K(std::shared_ptr<rclcpp_action::ServerGoalHandle<control_msgs::action::FollowJointTrajectory> >)[m[Kâ€™:
[01m[K/home/xiatenghui/saber_joint_controller/src/saber_control/src/saber_gravity_compensation.cpp:191:47:[m[K [01;35m[Kwarning: [m[Kunused parameter â€˜[01m[Kgoal_handle[m[Kâ€™ [[01;35m[K]8;;https://gcc.gnu.org/onlinedocs/gcc/Warning-Options.html#index-Wunused-parameter-Wunused-parameter]8;;[m[K]
  191 |             [01;35m[Kconst std::shared_ptr<GoalHandle> goal_handle[m[K)
      |             [01;35m[K~~~~~~~~~~~~~~~~~~~~~~~~~~~~~~~~~~^~~~~~~~~~~[m[K
In file included from [01m[K/opt/ros/jazzy/include/rclcpp/rclcpp/logging.hpp:24[m[K,
                 from [01m[K/opt/ros/jazzy/include/rclcpp/rclcpp/copy_all_parameter_values.hpp:27[m[K,
                 from [01m[K/opt/ros/jazzy/include/rclcpp/rclcpp/rclcpp.hpp:171[m[K,
                 from [01m[K/home/xiatenghui/saber_joint_controller/src/saber_control/src/saber_gravity_compensation.cpp:1[m[K:
[01m[K/home/xiatenghui/saber_joint_controller/src/saber_control/src/saber_gravity_compensation.cpp:[m[K In member function â€˜[01m[Kvoid saber_joint_controller::[01;32m[Krun[m[K()[m[Kâ€™:
[01m[K/home/xiatenghui/saber_joint_controller/src/saber_control/src/saber_gravity_compensation.cpp:528:81:[m[K [01;31m[Kerror: [m[Kâ€˜[01m[Ktorque_[m[Kâ€™ was not declared in this scope; did you mean â€˜[01m[Ktorques_[m[Kâ€™?
  528 |                         RCLCPP_INFO(this->get_logger(), "torque_[%d]: %.6f", i, [01;31m[Ktorque_[m[K[i]);
      |                                                                                 [01;31m[K^~~~~~~[m[K
gmake[2]: *** [CMakeFiles/saber_gravity_compensation.dir/build.make:76: CMakeFiles/saber_gravity_compensation.dir/src/saber_gravity_compensation.cpp.o] Error 1
gmake[1]: *** [CMakeFiles/Makefile2:193: CMakeFiles/saber_gravity_compensation.dir/all] Error 2
gmake: *** [Makefile:146: all] Error 2
