[0.056s] Invoking command in '/home/xiatenghui/saber_joint_controller/build/saber_control': CMAKE_PREFIX_PATH=${CMAKE_PREFIX_PATH}:/opt/ros/jazzy /usr/bin/cmake --build /home/xiatenghui/saber_joint_controller/build/saber_control -- -j8 -l8
[0.383s] [ 50%] Built target saber_joint_controller
[0.495s] [ 60%] [32mBuilding CXX object CMakeFiles/saber_dynamics_identification.dir/src/saber_dynamics_identification.cpp.o[0m
[16.669s] [01m[K/home/xiatenghui/saber_joint_controller/src/saber_control/src/saber_dynamics_identification.cpp:[m[K In member function ‚Äò[01m[Krclcpp_action::GoalResponse saber_joint_controller::[01;32m[Khandle_goal[m[K(const rclcpp_action::GoalUUID&, std::shared_ptr<const control_msgs::action::FollowJointTrajectory_Goal_<std::allocator<void> > >)[m[K‚Äô:
[16.669s] [01m[K/home/xiatenghui/saber_joint_controller/src/saber_control/src/saber_dynamics_identification.cpp:170:44:[m[K [01;35m[Kwarning: [m[Kunused parameter ‚Äò[01m[Kuuid[m[K‚Äô [[01;35m[K]8;;https://gcc.gnu.org/onlinedocs/gcc/Warning-Options.html#index-Wunused-parameter-Wunused-parameter]8;;[m[K]
[16.670s]   170 |             [01;35m[Kconst rclcpp_action::GoalUUID& uuid[m[K,
[16.671s]       |             [01;35m[K~~~~~~~~~~~~~~~~~~~~~~~~~~~~~~~^~~~[m[K
[16.672s] [01m[K/home/xiatenghui/saber_joint_controller/src/saber_control/src/saber_dynamics_identification.cpp:[m[K In member function ‚Äò[01m[Krclcpp_action::CancelResponse saber_joint_controller::[01;32m[Khandle_cancel[m[K(std::shared_ptr<rclcpp_action::ServerGoalHandle<control_msgs::action::FollowJointTrajectory> >)[m[K‚Äô:
[16.672s] [01m[K/home/xiatenghui/saber_joint_controller/src/saber_control/src/saber_dynamics_identification.cpp:192:47:[m[K [01;35m[Kwarning: [m[Kunused parameter ‚Äò[01m[Kgoal_handle[m[K‚Äô [[01;35m[K]8;;https://gcc.gnu.org/onlinedocs/gcc/Warning-Options.html#index-Wunused-parameter-Wunused-parameter]8;;[m[K]
[16.673s]   192 |             [01;35m[Kconst std::shared_ptr<GoalHandle> goal_handle[m[K)
[16.673s]       |             [01;35m[K~~~~~~~~~~~~~~~~~~~~~~~~~~~~~~~~~~^~~~~~~~~~~[m[K
[17.106s] [01m[K/home/xiatenghui/saber_joint_controller/src/saber_control/src/saber_dynamics_identification.cpp:[m[K In member function ‚Äò[01m[Kvoid saber_joint_controller::[01;32m[Krun[m[K()[m[K‚Äô:
[17.106s] [01m[K/home/xiatenghui/saber_joint_controller/src/saber_control/src/saber_dynamics_identification.cpp:555:93:[m[K [01;31m[Kerror: [m[K‚Äò[01m[Kstart[m[K‚Äô was not declared in this scope
[17.107s]   555 |                 auto duration = std::chrono::duration_cast<std::chrono::microseconds>(end - [01;31m[Kstart[m[K).count();
[17.108s]       |                                                                                             [01;31m[K^~~~~[m[K
[17.109s] [01m[K/home/xiatenghui/saber_joint_controller/src/saber_control/src/saber_dynamics_identification.cpp:557:24:[m[K [01;35m[Kwarning: [m[Kunused variable ‚Äò[01m[Kcost_seconds[m[K‚Äô [[01;35m[K]8;;https://gcc.gnu.org/onlinedocs/gcc/Warning-Options.html#index-Wunused-variable-Wunused-variable]8;;[m[K]
[17.109s]   557 |                 double [01;35m[Kcost_seconds[m[K = diff.count(); // Ëé∑ÂèñÁßíÊï∞ÂÄº (double Á±ªÂûã)
[17.110s]       |                        [01;35m[K^~~~~~~~~~~~[m[K
[24.311s] gmake[2]: *** [CMakeFiles/saber_dynamics_identification.dir/build.make:76: CMakeFiles/saber_dynamics_identification.dir/src/saber_dynamics_identification.cpp.o] Error 1
[24.312s] gmake[1]: *** [CMakeFiles/Makefile2:165: CMakeFiles/saber_dynamics_identification.dir/all] Error 2
[24.313s] gmake: *** [Makefile:146: all] Error 2
[24.324s] Invoked command in '/home/xiatenghui/saber_joint_controller/build/saber_control' returned '2': CMAKE_PREFIX_PATH=${CMAKE_PREFIX_PATH}:/opt/ros/jazzy /usr/bin/cmake --build /home/xiatenghui/saber_joint_controller/build/saber_control -- -j8 -l8
