[0.080s] Invoking command in '/home/xiatenghui/saber_joint_controller/build/saber_control': CMAKE_PREFIX_PATH=${CMAKE_PREFIX_PATH}:/opt/ros/jazzy /usr/bin/cmake --build /home/xiatenghui/saber_joint_controller/build/saber_control -- -j8 -l8
[0.620s] [ 25%] [32mBuilding CXX object CMakeFiles/saber_joint_controller.dir/src/saber_joint_controller.cpp.o[0m
[0.637s] [ 50%] [32mBuilding CXX object CMakeFiles/saber_joint_controller.dir/src/saber_get_regression.cpp.o[0m
[3.074s] [01m[K/home/xiatenghui/saber_joint_controller/src/saber_control/src/saber_joint_controller.cpp:9:10:[m[K [01;31m[Kfatal error: [m[Krclcpp_action/rclcpp_action.hpp: No such file or directory
[3.076s]     9 | #include [01;31m[K"rclcpp_action/rclcpp_action.hpp"[m[K
[3.076s]       |          [01;31m[K^~~~~~~~~~~~~~~~~~~~~~~~~~~~~~~~~[m[K
[3.077s] compilation terminated.
[3.093s] gmake[2]: *** [CMakeFiles/saber_joint_controller.dir/build.make:76: CMakeFiles/saber_joint_controller.dir/src/saber_joint_controller.cpp.o] Error 1
[3.094s] gmake[2]: *** Waiting for unfinished jobs....
[14.785s] gmake[1]: *** [CMakeFiles/Makefile2:137: CMakeFiles/saber_joint_controller.dir/all] Error 2
[14.786s] gmake: *** [Makefile:146: all] Error 2
[14.796s] Invoked command in '/home/xiatenghui/saber_joint_controller/build/saber_control' returned '2': CMAKE_PREFIX_PATH=${CMAKE_PREFIX_PATH}:/opt/ros/jazzy /usr/bin/cmake --build /home/xiatenghui/saber_joint_controller/build/saber_control -- -j8 -l8
