[01m[Kcc1plus:[m[K [01;31m[Kfatal error: [m[K/home/xiatenghui/saber_joint_controller/src/saber_control/src/saber_param_identification.cpp: No such file or directory
compilation terminated.
gmake[2]: *** [CMakeFiles/saber_param_identification.dir/build.make:76: CMakeFiles/saber_param_identification.dir/src/saber_param_identification.cpp.o] Error 1
gmake[1]: *** [CMakeFiles/Makefile2:165: CMakeFiles/saber_param_identification.dir/all] Error 2
gmake: *** [Makefile:146: all] Error 2
