[0.055s] Invoking command in '/home/xiatenghui/saber_joint_controller/build/saber_control': CMAKE_PREFIX_PATH=${CMAKE_PREFIX_PATH}:/opt/ros/jazzy /usr/bin/cmake --build /home/xiatenghui/saber_joint_controller/build/saber_control -- -j8 -l8
[0.182s] -- Found ament_cmake: 2.5.4 (/opt/ros/jazzy/share/ament_cmake/cmake)
[1.082s] -- Found rclcpp: 28.1.12 (/opt/ros/jazzy/share/rclcpp/cmake)
[1.199s] -- Found rosidl_generator_c: 4.6.6 (/opt/ros/jazzy/share/rosidl_generator_c/cmake)
[1.246s] -- Found rosidl_generator_cpp: 4.6.6 (/opt/ros/jazzy/share/rosidl_generator_cpp/cmake)
[1.294s] -- Using all available rosidl_typesupport_c: rosidl_typesupport_fastrtps_c;rosidl_typesupport_introspection_c
[1.352s] -- Using all available rosidl_typesupport_cpp: rosidl_typesupport_fastrtps_cpp;rosidl_typesupport_introspection_cpp
[1.574s] -- Found rmw_implementation_cmake: 7.3.2 (/opt/ros/jazzy/share/rmw_implementation_cmake/cmake)
[1.579s] -- Found rmw_fastrtps_cpp: 8.4.3 (/opt/ros/jazzy/share/rmw_fastrtps_cpp/cmake)
[1.808s] -- Using RMW implementation 'rmw_fastrtps_cpp' as default
[2.002s] -- Found control_msgs: 5.5.0 (/opt/ros/jazzy/share/control_msgs/cmake)
[2.420s] -- Found ament_lint_auto: 0.17.3 (/opt/ros/jazzy/share/ament_lint_auto/cmake)
[2.806s] -- Added test 'cppcheck' to perform static code analysis on C / C++ code
[2.807s] -- Configured cppcheck include dirs: /home/xiatenghui/saber_joint_controller/src/saber_control/include
[2.807s] -- Configured cppcheck exclude dirs and/or files: 
[2.809s] -- Added test 'lint_cmake' to check CMake code style
[2.814s] -- Added test 'uncrustify' to check C / C++ code style
[2.814s] -- Configured uncrustify additional arguments: 
[2.816s] -- Added test 'xmllint' to check XML markup files
[2.818s] -- Configuring done (2.7s)
[2.896s] -- Generating done (0.0s)
[2.918s] -- Build files have been written to: /home/xiatenghui/saber_joint_controller/build/saber_control
[3.124s] [ 50%] [32mBuilding CXX object CMakeFiles/saber_joint_controller.dir/src/disturbance_observer.cpp.o[0m
[3.125s] [ 50%] [32mBuilding CXX object CMakeFiles/saber_joint_controller.dir/src/saber_joint_controller.cpp.o[0m
[3.139s] [ 75%] [32mBuilding CXX object CMakeFiles/saber_joint_controller.dir/src/saber_get_regression.cpp.o[0m
[4.559s] In file included from [01m[K/usr/local/include/OpenXLSX/headers/XLCellValue.hpp:66[m[K,
[4.562s]                  from [01m[K/usr/local/include/OpenXLSX/headers/XLCell.hpp:62[m[K,
[4.563s]                  from [01m[K/usr/local/include/OpenXLSX/OpenXLSX.hpp:49[m[K,
[4.563s]                  from [01m[K/home/xiatenghui/saber_joint_controller/src/saber_control/src/saber_joint_controller.cpp:2[m[K:
[4.564s] [01m[K/usr/local/include/OpenXLSX/headers/XLXmlParser.hpp:52:10:[m[K [01;31m[Kfatal error: [m[Kexternal/pugixml/pugixml.hpp: No such file or directory
[4.564s]    52 | #include [01;31m[K<external/pugixml/pugixml.hpp>[m[K // not sure why the full include path is needed within the header file
[4.565s]       |          [01;31m[K^~~~~~~~~~~~~~~~~~~~~~~~~~~~~~[m[K
[4.567s] compilation terminated.
[4.569s] gmake[2]: *** [CMakeFiles/saber_joint_controller.dir/build.make:76: CMakeFiles/saber_joint_controller.dir/src/saber_joint_controller.cpp.o] Error 1
[4.569s] gmake[2]: *** Waiting for unfinished jobs....
[4.883s] In file included from [01m[K/usr/local/include/OpenXLSX/headers/XLCellValue.hpp:66[m[K,
[4.884s]                  from [01m[K/usr/local/include/OpenXLSX/headers/XLCell.hpp:62[m[K,
[4.884s]                  from [01m[K/usr/local/include/OpenXLSX/OpenXLSX.hpp:49[m[K,
[4.885s]                  from [01m[K/home/xiatenghui/saber_joint_controller/src/saber_control/include/disturbance_observer.hpp:8[m[K,
[4.885s]                  from [01m[K/home/xiatenghui/saber_joint_controller/src/saber_control/src/disturbance_observer.cpp:1[m[K:
[4.886s] [01m[K/usr/local/include/OpenXLSX/headers/XLXmlParser.hpp:52:10:[m[K [01;31m[Kfatal error: [m[Kexternal/pugixml/pugixml.hpp: No such file or directory
[4.886s]    52 | #include [01;31m[K<external/pugixml/pugixml.hpp>[m[K // not sure why the full include path is needed within the header file
[4.887s]       |          [01;31m[K^~~~~~~~~~~~~~~~~~~~~~~~~~~~~~[m[K
[4.887s] compilation terminated.
[4.894s] gmake[2]: *** [CMakeFiles/saber_joint_controller.dir/build.make:90: CMakeFiles/saber_joint_controller.dir/src/disturbance_observer.cpp.o] Error 1
[14.215s] gmake[1]: *** [CMakeFiles/Makefile2:137: CMakeFiles/saber_joint_controller.dir/all] Error 2
[14.218s] gmake: *** [Makefile:146: all] Error 2
[14.227s] Invoked command in '/home/xiatenghui/saber_joint_controller/build/saber_control' returned '2': CMAKE_PREFIX_PATH=${CMAKE_PREFIX_PATH}:/opt/ros/jazzy /usr/bin/cmake --build /home/xiatenghui/saber_joint_controller/build/saber_control -- -j8 -l8
