[ 20%] [32mBuilding CXX object CMakeFiles/saber_joint_controller.dir/src/saber_joint_controller.cpp.o[0m
[01m[K/home/xiatenghui/saber_joint_controller/src/saber_control/src/saber_joint_controller.cpp:468:58:[m[K [01;31m[Kerror: [m[Knarrowing conversion of â€˜[01m[K-1[m[Kâ€™ from â€˜[01m[Kint[m[Kâ€™ to â€˜[01m[Kunsigned char[m[Kâ€™ [[01;31m[K]8;;https://gcc.gnu.org/onlinedocs/gcc/Warning-Options.html#index-Wnarrowing-Wnarrowing]8;;[m[K]
  468 |         array<uint8_t, 6> moveit2DH_directions_ = {1, 1, [01;31m[K-1[m[K, 1, 1, 1};
      |                                                          [01;31m[K^~[m[K
[01m[K/home/xiatenghui/saber_joint_controller/src/saber_control/src/saber_joint_controller.cpp:470:54:[m[K [01;31m[Kerror: [m[Knarrowing conversion of â€˜[01m[K-1[m[Kâ€™ from â€˜[01m[Kint[m[Kâ€™ to â€˜[01m[Kunsigned char[m[Kâ€™ [[01;31m[K]8;;https://gcc.gnu.org/onlinedocs/gcc/Warning-Options.html#index-Wnarrowing-Wnarrowing]8;;[m[K]
  470 |         array<uint8_t, 6> DH2motor_directions_ = {1, [01;31m[K-1[m[K, 1, -1, 1, 1};
      |                                                      [01;31m[K^~[m[K
[01m[K/home/xiatenghui/saber_joint_controller/src/saber_control/src/saber_joint_controller.cpp:470:61:[m[K [01;31m[Kerror: [m[Knarrowing conversion of â€˜[01m[K-1[m[Kâ€™ from â€˜[01m[Kint[m[Kâ€™ to â€˜[01m[Kunsigned char[m[Kâ€™ [[01;31m[K]8;;https://gcc.gnu.org/onlinedocs/gcc/Warning-Options.html#index-Wnarrowing-Wnarrowing]8;;[m[K]
  470 |         array<uint8_t, 6> DH2motor_directions_ = {1, -1, 1, [01;31m[K-1[m[K, 1, 1};
      |                                                             [01;31m[K^~[m[K
[01m[K/home/xiatenghui/saber_joint_controller/src/saber_control/src/saber_joint_controller.cpp:[m[K In member function â€˜[01m[Krclcpp_action::GoalResponse saber_joint_controller::[01;32m[Khandle_goal[m[K(const rclcpp_action::GoalUUID&, std::shared_ptr<const control_msgs::action::FollowJointTrajectory_Goal_<std::allocator<void> > >)[m[Kâ€™:
[01m[K/home/xiatenghui/saber_joint_controller/src/saber_control/src/saber_joint_controller.cpp:140:44:[m[K [01;35m[Kwarning: [m[Kunused parameter â€˜[01m[Kuuid[m[Kâ€™ [[01;35m[K]8;;https://gcc.gnu.org/onlinedocs/gcc/Warning-Options.html#index-Wunused-parameter-Wunused-parameter]8;;[m[K]
  140 |             [01;35m[Kconst rclcpp_action::GoalUUID& uuid[m[K,
      |             [01;35m[K~~~~~~~~~~~~~~~~~~~~~~~~~~~~~~~^~~~[m[K
[01m[K/home/xiatenghui/saber_joint_controller/src/saber_control/src/saber_joint_controller.cpp:[m[K In member function â€˜[01m[Krclcpp_action::CancelResponse saber_joint_controller::[01;32m[Khandle_cancel[m[K(std::shared_ptr<rclcpp_action::ServerGoalHandle<control_msgs::action::FollowJointTrajectory> >)[m[Kâ€™:
[01m[K/home/xiatenghui/saber_joint_controller/src/saber_control/src/saber_joint_controller.cpp:162:47:[m[K [01;35m[Kwarning: [m[Kunused parameter â€˜[01m[Kgoal_handle[m[Kâ€™ [[01;35m[K]8;;https://gcc.gnu.org/onlinedocs/gcc/Warning-Options.html#index-Wunused-parameter-Wunused-parameter]8;;[m[K]
  162 |             [01;35m[Kconst std::shared_ptr<GoalHandle> goal_handle[m[K)
      |             [01;35m[K~~~~~~~~~~~~~~~~~~~~~~~~~~~~~~~~~~^~~~~~~~~~~[m[K
[01m[K/home/xiatenghui/saber_joint_controller/src/saber_control/src/saber_joint_controller.cpp:[m[K In member function â€˜[01m[Kvoid saber_joint_controller::[01;32m[Krun[m[K()[m[Kâ€™:
[01m[K/home/xiatenghui/saber_joint_controller/src/saber_control/src/saber_joint_controller.cpp:448:26:[m[K [01;31m[Kerror: [m[Kno post-increment operator for type
  448 |                 if (count[01;31m[K++[m[K % 100 == 0)
      |                          [01;31m[K^~[m[K
gmake[2]: *** [CMakeFiles/saber_joint_controller.dir/build.make:76: CMakeFiles/saber_joint_controller.dir/src/saber_joint_controller.cpp.o] Error 1
gmake[1]: *** [CMakeFiles/Makefile2:137: CMakeFiles/saber_joint_controller.dir/all] Error 2
gmake: *** [Makefile:146: all] Error 2
